ERROR - 2023-01-31 01:06:14 --> Error connecting to the database: mysqli_sql_exception: No connection could be made because the target machine actively refused it in C:\Users\cahya\Documents\Kerjaan\ci-cek-karyawan\system\Database\MySQLi\Connection.php:174
Stack trace:
#0 C:\Users\cahya\Documents\Kerjaan\ci-cek-karyawan\system\Database\MySQLi\Connection.php(174): mysqli->real_connect('localhost', 'root', '', 'binasafety', 3306, '', 0)
#1 C:\Users\cahya\Documents\Kerjaan\ci-cek-karyawan\system\Database\BaseConnection.php(391): CodeIgniter\Database\MySQLi\Connection->connect(false)
#2 C:\Users\cahya\Documents\Kerjaan\ci-cek-karyawan\system\Database\BaseConnection.php(573): CodeIgniter\Database\BaseConnection->initialize()
#3 C:\Users\cahya\Documents\Kerjaan\ci-cek-karyawan\app\Models\PekerjaanModel.php(10): CodeIgniter\Database\BaseConnection->query('SELECT * FROM t...')
#4 C:\Users\cahya\Documents\Kerjaan\ci-cek-karyawan\app\Controllers\Admin\Admin.php(20): App\Models\PekerjaanModel->getdata()
#5 C:\Users\cahya\Documents\Kerjaan\ci-cek-karyawan\system\CodeIgniter.php(934): App\Controllers\Admin\Admin->index()
#6 C:\Users\cahya\Documents\Kerjaan\ci-cek-karyawan\system\CodeIgniter.php(499): CodeIgniter\CodeIgniter->runController(Object(App\Controllers\Admin\Admin))
#7 C:\Users\cahya\Documents\Kerjaan\ci-cek-karyawan\system\CodeIgniter.php(368): CodeIgniter\CodeIgniter->handleRequest(NULL, Object(Config\Cache), false)
#8 C:\Users\cahya\Documents\Kerjaan\ci-cek-karyawan\public\index.php(67): CodeIgniter\CodeIgniter->run()
#9 C:\Users\cahya\Documents\Kerjaan\ci-cek-karyawan\system\Commands\Server\rewrite.php(47): require_once('C:\\Users\\cahya\\...')
#10 {main}

Next CodeIgniter\Database\Exceptions\DatabaseException: No connection could be made because the target machine actively refused it in C:\Users\cahya\Documents\Kerjaan\ci-cek-karyawan\system\Database\MySQLi\Connection.php:218
Stack trace:
#0 C:\Users\cahya\Documents\Kerjaan\ci-cek-karyawan\system\Database\BaseConnection.php(391): CodeIgniter\Database\MySQLi\Connection->connect(false)
#1 C:\Users\cahya\Documents\Kerjaan\ci-cek-karyawan\system\Database\BaseConnection.php(573): CodeIgniter\Database\BaseConnection->initialize()
#2 C:\Users\cahya\Documents\Kerjaan\ci-cek-karyawan\app\Models\PekerjaanModel.php(10): CodeIgniter\Database\BaseConnection->query('SELECT * FROM t...')
#3 C:\Users\cahya\Documents\Kerjaan\ci-cek-karyawan\app\Controllers\Admin\Admin.php(20): App\Models\PekerjaanModel->getdata()
#4 C:\Users\cahya\Documents\Kerjaan\ci-cek-karyawan\system\CodeIgniter.php(934): App\Controllers\Admin\Admin->index()
#5 C:\Users\cahya\Documents\Kerjaan\ci-cek-karyawan\system\CodeIgniter.php(499): CodeIgniter\CodeIgniter->runController(Object(App\Controllers\Admin\Admin))
#6 C:\Users\cahya\Documents\Kerjaan\ci-cek-karyawan\system\CodeIgniter.php(368): CodeIgniter\CodeIgniter->handleRequest(NULL, Object(Config\Cache), false)
#7 C:\Users\cahya\Documents\Kerjaan\ci-cek-karyawan\public\index.php(67): CodeIgniter\CodeIgniter->run()
#8 C:\Users\cahya\Documents\Kerjaan\ci-cek-karyawan\system\Commands\Server\rewrite.php(47): require_once('C:\\Users\\cahya\\...')
#9 {main}
CRITICAL - 2023-01-31 01:06:14 --> Unable to connect to the database.
Main connection [MySQLi]: No connection could be made because the target machine actively refused it
in SYSTEMPATH\Database\BaseConnection.php on line 427.
 1 SYSTEMPATH\Database\BaseConnection.php(573): CodeIgniter\Database\BaseConnection->initialize()
 2 APPPATH\Models\PekerjaanModel.php(10): CodeIgniter\Database\BaseConnection->query('SELECT * FROM tb_pekerjaan ORDER BY id_pekerjaan ASC')
 3 APPPATH\Controllers\Admin\Admin.php(20): App\Models\PekerjaanModel->getdata()
 4 SYSTEMPATH\CodeIgniter.php(934): App\Controllers\Admin\Admin->index()
 5 SYSTEMPATH\CodeIgniter.php(499): CodeIgniter\CodeIgniter->runController(Object(App\Controllers\Admin\Admin))
 6 SYSTEMPATH\CodeIgniter.php(368): CodeIgniter\CodeIgniter->handleRequest(null, Object(Config\Cache), false)
 7 FCPATH\index.php(67): CodeIgniter\CodeIgniter->run()
 8 SYSTEMPATH\Commands\Server\rewrite.php(47): require_once('FCPATH\\index.php')
INFO - 2023-01-31 01:06:29 --> Session: Class initialized using 'CodeIgniter\Session\Handlers\FileHandler' driver.
ERROR - 2023-01-31 01:06:39 --> Error connecting to the database: mysqli_sql_exception: No connection could be made because the target machine actively refused it in C:\Users\cahya\Documents\Kerjaan\ci-cek-karyawan\system\Database\MySQLi\Connection.php:174
Stack trace:
#0 C:\Users\cahya\Documents\Kerjaan\ci-cek-karyawan\system\Database\MySQLi\Connection.php(174): mysqli->real_connect('localhost', 'root', '', 'binasafety', 3306, '', 0)
#1 C:\Users\cahya\Documents\Kerjaan\ci-cek-karyawan\system\Database\BaseConnection.php(391): CodeIgniter\Database\MySQLi\Connection->connect(false)
#2 C:\Users\cahya\Documents\Kerjaan\ci-cek-karyawan\system\Database\BaseConnection.php(573): CodeIgniter\Database\BaseConnection->initialize()
#3 C:\Users\cahya\Documents\Kerjaan\ci-cek-karyawan\system\Database\BaseBuilder.php(1602): CodeIgniter\Database\BaseConnection->query('SELECT *\nFROM `...', Array, false)
#4 C:\Users\cahya\Documents\Kerjaan\ci-cek-karyawan\system\Model.php(267): CodeIgniter\Database\BaseBuilder->get()
#5 C:\Users\cahya\Documents\Kerjaan\ci-cek-karyawan\system\BaseModel.php(656): CodeIgniter\Model->doFirst()
#6 C:\Users\cahya\Documents\Kerjaan\ci-cek-karyawan\app\Controllers\Admin\Login.php(22): CodeIgniter\BaseModel->first()
#7 C:\Users\cahya\Documents\Kerjaan\ci-cek-karyawan\system\CodeIgniter.php(934): App\Controllers\Admin\Login->process()
#8 C:\Users\cahya\Documents\Kerjaan\ci-cek-karyawan\system\CodeIgniter.php(499): CodeIgniter\CodeIgniter->runController(Object(App\Controllers\Admin\Login))
#9 C:\Users\cahya\Documents\Kerjaan\ci-cek-karyawan\system\CodeIgniter.php(368): CodeIgniter\CodeIgniter->handleRequest(NULL, Object(Config\Cache), false)
#10 C:\Users\cahya\Documents\Kerjaan\ci-cek-karyawan\public\index.php(67): CodeIgniter\CodeIgniter->run()
#11 C:\Users\cahya\Documents\Kerjaan\ci-cek-karyawan\system\Commands\Server\rewrite.php(47): require_once('C:\\Users\\cahya\\...')
#12 {main}

Next CodeIgniter\Database\Exceptions\DatabaseException: No connection could be made because the target machine actively refused it in C:\Users\cahya\Documents\Kerjaan\ci-cek-karyawan\system\Database\MySQLi\Connection.php:218
Stack trace:
#0 C:\Users\cahya\Documents\Kerjaan\ci-cek-karyawan\system\Database\BaseConnection.php(391): CodeIgniter\Database\MySQLi\Connection->connect(false)
#1 C:\Users\cahya\Documents\Kerjaan\ci-cek-karyawan\system\Database\BaseConnection.php(573): CodeIgniter\Database\BaseConnection->initialize()
#2 C:\Users\cahya\Documents\Kerjaan\ci-cek-karyawan\system\Database\BaseBuilder.php(1602): CodeIgniter\Database\BaseConnection->query('SELECT *\nFROM `...', Array, false)
#3 C:\Users\cahya\Documents\Kerjaan\ci-cek-karyawan\system\Model.php(267): CodeIgniter\Database\BaseBuilder->get()
#4 C:\Users\cahya\Documents\Kerjaan\ci-cek-karyawan\system\BaseModel.php(656): CodeIgniter\Model->doFirst()
#5 C:\Users\cahya\Documents\Kerjaan\ci-cek-karyawan\app\Controllers\Admin\Login.php(22): CodeIgniter\BaseModel->first()
#6 C:\Users\cahya\Documents\Kerjaan\ci-cek-karyawan\system\CodeIgniter.php(934): App\Controllers\Admin\Login->process()
#7 C:\Users\cahya\Documents\Kerjaan\ci-cek-karyawan\system\CodeIgniter.php(499): CodeIgniter\CodeIgniter->runController(Object(App\Controllers\Admin\Login))
#8 C:\Users\cahya\Documents\Kerjaan\ci-cek-karyawan\system\CodeIgniter.php(368): CodeIgniter\CodeIgniter->handleRequest(NULL, Object(Config\Cache), false)
#9 C:\Users\cahya\Documents\Kerjaan\ci-cek-karyawan\public\index.php(67): CodeIgniter\CodeIgniter->run()
#10 C:\Users\cahya\Documents\Kerjaan\ci-cek-karyawan\system\Commands\Server\rewrite.php(47): require_once('C:\\Users\\cahya\\...')
#11 {main}
CRITICAL - 2023-01-31 01:06:39 --> Unable to connect to the database.
Main connection [MySQLi]: No connection could be made because the target machine actively refused it
in SYSTEMPATH\Database\BaseConnection.php on line 427.
 1 SYSTEMPATH\Database\BaseConnection.php(573): CodeIgniter\Database\BaseConnection->initialize()
 2 SYSTEMPATH\Database\BaseBuilder.php(1602): CodeIgniter\Database\BaseConnection->query('SELECT *
FROM `tb_pengguna`
WHERE `username` = :username:
 LIMIT 1', [...], false)
 3 SYSTEMPATH\Model.php(267): CodeIgniter\Database\BaseBuilder->get()
 4 SYSTEMPATH\BaseModel.php(656): CodeIgniter\Model->doFirst()
 5 APPPATH\Controllers\Admin\Login.php(22): CodeIgniter\BaseModel->first()
 6 SYSTEMPATH\CodeIgniter.php(934): App\Controllers\Admin\Login->process()
 7 SYSTEMPATH\CodeIgniter.php(499): CodeIgniter\CodeIgniter->runController(Object(App\Controllers\Admin\Login))
 8 SYSTEMPATH\CodeIgniter.php(368): CodeIgniter\CodeIgniter->handleRequest(null, Object(Config\Cache), false)
 9 FCPATH\index.php(67): CodeIgniter\CodeIgniter->run()
10 SYSTEMPATH\Commands\Server\rewrite.php(47): require_once('FCPATH\\index.php')
INFO - 2023-01-31 01:06:59 --> Session: Class initialized using 'CodeIgniter\Session\Handlers\FileHandler' driver.
INFO - 2023-01-31 01:07:04 --> Session: Class initialized using 'CodeIgniter\Session\Handlers\FileHandler' driver.
INFO - 2023-01-31 01:07:04 --> Session: Class initialized using 'CodeIgniter\Session\Handlers\FileHandler' driver.
INFO - 2023-01-31 01:07:07 --> Session: Class initialized using 'CodeIgniter\Session\Handlers\FileHandler' driver.
INFO - 2023-01-31 01:07:09 --> Session: Class initialized using 'CodeIgniter\Session\Handlers\FileHandler' driver.
INFO - 2023-01-31 01:07:11 --> Session: Class initialized using 'CodeIgniter\Session\Handlers\FileHandler' driver.
INFO - 2023-01-31 01:07:36 --> Session: Class initialized using 'CodeIgniter\Session\Handlers\FileHandler' driver.
INFO - 2023-01-31 01:07:39 --> Session: Class initialized using 'CodeIgniter\Session\Handlers\FileHandler' driver.
INFO - 2023-01-31 01:10:37 --> Session: Class initialized using 'CodeIgniter\Session\Handlers\FileHandler' driver.
INFO - 2023-01-31 01:10:45 --> Session: Class initialized using 'CodeIgniter\Session\Handlers\FileHandler' driver.
INFO - 2023-01-31 01:10:51 --> Session: Class initialized using 'CodeIgniter\Session\Handlers\FileHandler' driver.
INFO - 2023-01-31 01:15:19 --> Session: Class initialized using 'CodeIgniter\Session\Handlers\FileHandler' driver.
INFO - 2023-01-31 01:16:41 --> Session: Class initialized using 'CodeIgniter\Session\Handlers\FileHandler' driver.
INFO - 2023-01-31 01:16:48 --> Session: Class initialized using 'CodeIgniter\Session\Handlers\FileHandler' driver.
INFO - 2023-01-31 01:16:50 --> Session: Class initialized using 'CodeIgniter\Session\Handlers\FileHandler' driver.
INFO - 2023-01-31 01:16:52 --> Session: Class initialized using 'CodeIgniter\Session\Handlers\FileHandler' driver.
INFO - 2023-01-31 01:16:56 --> Session: Class initialized using 'CodeIgniter\Session\Handlers\FileHandler' driver.
INFO - 2023-01-31 01:16:58 --> Session: Class initialized using 'CodeIgniter\Session\Handlers\FileHandler' driver.
INFO - 2023-01-31 01:17:02 --> Session: Class initialized using 'CodeIgniter\Session\Handlers\FileHandler' driver.
INFO - 2023-01-31 01:22:31 --> Session: Class initialized using 'CodeIgniter\Session\Handlers\FileHandler' driver.
INFO - 2023-01-31 01:25:11 --> Session: Class initialized using 'CodeIgniter\Session\Handlers\FileHandler' driver.
INFO - 2023-01-31 01:25:15 --> Session: Class initialized using 'CodeIgniter\Session\Handlers\FileHandler' driver.
INFO - 2023-01-31 01:25:25 --> Session: Class initialized using 'CodeIgniter\Session\Handlers\FileHandler' driver.
INFO - 2023-01-31 01:25:46 --> Session: Class initialized using 'CodeIgniter\Session\Handlers\FileHandler' driver.
INFO - 2023-01-31 01:25:49 --> Session: Class initialized using 'CodeIgniter\Session\Handlers\FileHandler' driver.
INFO - 2023-01-31 01:28:13 --> Session: Class initialized using 'CodeIgniter\Session\Handlers\FileHandler' driver.
INFO - 2023-01-31 01:28:14 --> Session: Class initialized using 'CodeIgniter\Session\Handlers\FileHandler' driver.
CRITICAL - 2023-01-31 01:31:43 --> Undefined property: App\Controllers\Admin\Admin::$session
in APPPATH\Controllers\Admin\Admin.php on line 24.
 1 APPPATH\Controllers\Admin\Admin.php(24): CodeIgniter\Debug\Exceptions->errorHandler(2, 'Undefined property: App\\Controllers\\Admin\\Admin::$session', 'APPPATH\\Controllers\\Admin\\Admin.php', 24)
 2 SYSTEMPATH\CodeIgniter.php(934): App\Controllers\Admin\Admin->index()
 3 SYSTEMPATH\CodeIgniter.php(499): CodeIgniter\CodeIgniter->runController(Object(App\Controllers\Admin\Admin))
 4 SYSTEMPATH\CodeIgniter.php(368): CodeIgniter\CodeIgniter->handleRequest(null, Object(Config\Cache), false)
 5 FCPATH\index.php(67): CodeIgniter\CodeIgniter->run()
 6 SYSTEMPATH\Commands\Server\rewrite.php(47): require_once('FCPATH\\index.php')
INFO - 2023-01-31 01:32:01 --> Session: Class initialized using 'CodeIgniter\Session\Handlers\FileHandler' driver.
INFO - 2023-01-31 01:32:02 --> Session: Class initialized using 'CodeIgniter\Session\Handlers\FileHandler' driver.
INFO - 2023-01-31 01:32:03 --> Session: Class initialized using 'CodeIgniter\Session\Handlers\FileHandler' driver.
INFO - 2023-01-31 01:32:03 --> Session: Class initialized using 'CodeIgniter\Session\Handlers\FileHandler' driver.
INFO - 2023-01-31 01:32:04 --> Session: Class initialized using 'CodeIgniter\Session\Handlers\FileHandler' driver.
INFO - 2023-01-31 01:32:15 --> Session: Class initialized using 'CodeIgniter\Session\Handlers\FileHandler' driver.
INFO - 2023-01-31 01:32:18 --> Session: Class initialized using 'CodeIgniter\Session\Handlers\FileHandler' driver.
INFO - 2023-01-31 01:32:24 --> Session: Class initialized using 'CodeIgniter\Session\Handlers\FileHandler' driver.
INFO - 2023-01-31 01:32:25 --> Session: Class initialized using 'CodeIgniter\Session\Handlers\FileHandler' driver.
INFO - 2023-01-31 01:32:27 --> Session: Class initialized using 'CodeIgniter\Session\Handlers\FileHandler' driver.
INFO - 2023-01-31 01:32:32 --> Session: Class initialized using 'CodeIgniter\Session\Handlers\FileHandler' driver.
INFO - 2023-01-31 01:32:32 --> Session: Class initialized using 'CodeIgniter\Session\Handlers\FileHandler' driver.
INFO - 2023-01-31 01:36:34 --> Session: Class initialized using 'CodeIgniter\Session\Handlers\FileHandler' driver.
INFO - 2023-01-31 01:36:37 --> Session: Class initialized using 'CodeIgniter\Session\Handlers\FileHandler' driver.
INFO - 2023-01-31 01:36:37 --> Session: Class initialized using 'CodeIgniter\Session\Handlers\FileHandler' driver.
INFO - 2023-01-31 01:37:07 --> Session: Class initialized using 'CodeIgniter\Session\Handlers\FileHandler' driver.
INFO - 2023-01-31 01:37:17 --> Session: Class initialized using 'CodeIgniter\Session\Handlers\FileHandler' driver.
INFO - 2023-01-31 01:37:20 --> Session: Class initialized using 'CodeIgniter\Session\Handlers\FileHandler' driver.
INFO - 2023-01-31 01:37:20 --> Session: Class initialized using 'CodeIgniter\Session\Handlers\FileHandler' driver.
INFO - 2023-01-31 01:37:26 --> Session: Class initialized using 'CodeIgniter\Session\Handlers\FileHandler' driver.
INFO - 2023-01-31 01:37:26 --> Session: Class initialized using 'CodeIgniter\Session\Handlers\FileHandler' driver.
INFO - 2023-01-31 01:38:10 --> Session: Class initialized using 'CodeIgniter\Session\Handlers\FileHandler' driver.
INFO - 2023-01-31 01:38:10 --> Session: Class initialized using 'CodeIgniter\Session\Handlers\FileHandler' driver.
INFO - 2023-01-31 01:38:15 --> Session: Class initialized using 'CodeIgniter\Session\Handlers\FileHandler' driver.
INFO - 2023-01-31 01:38:16 --> Session: Class initialized using 'CodeIgniter\Session\Handlers\FileHandler' driver.
INFO - 2023-01-31 01:38:18 --> Session: Class initialized using 'CodeIgniter\Session\Handlers\FileHandler' driver.
INFO - 2023-01-31 01:38:36 --> Session: Class initialized using 'CodeIgniter\Session\Handlers\FileHandler' driver.
INFO - 2023-01-31 01:38:36 --> Session: Class initialized using 'CodeIgniter\Session\Handlers\FileHandler' driver.
INFO - 2023-01-31 01:39:03 --> Session: Class initialized using 'CodeIgniter\Session\Handlers\FileHandler' driver.
INFO - 2023-01-31 01:39:03 --> Session: Class initialized using 'CodeIgniter\Session\Handlers\FileHandler' driver.
INFO - 2023-01-31 01:39:11 --> Session: Class initialized using 'CodeIgniter\Session\Handlers\FileHandler' driver.
INFO - 2023-01-31 01:39:11 --> Session: Class initialized using 'CodeIgniter\Session\Handlers\FileHandler' driver.
INFO - 2023-01-31 01:39:16 --> Session: Class initialized using 'CodeIgniter\Session\Handlers\FileHandler' driver.
INFO - 2023-01-31 01:39:16 --> Session: Class initialized using 'CodeIgniter\Session\Handlers\FileHandler' driver.
INFO - 2023-01-31 01:46:40 --> Session: Class initialized using 'CodeIgniter\Session\Handlers\FileHandler' driver.
INFO - 2023-01-31 01:46:42 --> Session: Class initialized using 'CodeIgniter\Session\Handlers\FileHandler' driver.
INFO - 2023-01-31 01:47:09 --> Session: Class initialized using 'CodeIgniter\Session\Handlers\FileHandler' driver.
CRITICAL - 2023-01-31 01:47:13 --> Class "App\Controllers\Admin\PenggunaModel" not found
in APPPATH\Controllers\Admin\DataPengguna.php on line 15.
 1 SYSTEMPATH\CodeIgniter.php(906): App\Controllers\Admin\DataPengguna->__construct()
 2 SYSTEMPATH\CodeIgniter.php(490): CodeIgniter\CodeIgniter->createController()
 3 SYSTEMPATH\CodeIgniter.php(368): CodeIgniter\CodeIgniter->handleRequest(null, Object(Config\Cache), false)
 4 FCPATH\index.php(67): CodeIgniter\CodeIgniter->run()
 5 SYSTEMPATH\Commands\Server\rewrite.php(47): require_once('FCPATH\\index.php')
CRITICAL - 2023-01-31 01:47:33 --> Too few arguments to function App\Controllers\Admin\DataPengguna::index(), 0 passed in C:\Users\cahya\Documents\Kerjaan\ci-cek-karyawan\system\CodeIgniter.php on line 934 and exactly 1 expected
in APPPATH\Controllers\Admin\DataPengguna.php on line 18.
 1 SYSTEMPATH\CodeIgniter.php(934): App\Controllers\Admin\DataPengguna->index()
 2 SYSTEMPATH\CodeIgniter.php(499): CodeIgniter\CodeIgniter->runController(Object(App\Controllers\Admin\DataPengguna))
 3 SYSTEMPATH\CodeIgniter.php(368): CodeIgniter\CodeIgniter->handleRequest(null, Object(Config\Cache), false)
 4 FCPATH\index.php(67): CodeIgniter\CodeIgniter->run()
 5 SYSTEMPATH\Commands\Server\rewrite.php(47): require_once('FCPATH\\index.php')
INFO - 2023-01-31 01:47:47 --> Session: Class initialized using 'CodeIgniter\Session\Handlers\FileHandler' driver.
INFO - 2023-01-31 01:48:24 --> Session: Class initialized using 'CodeIgniter\Session\Handlers\FileHandler' driver.
CRITICAL - 2023-01-31 01:48:24 --> Undefined variable $data_pekerjaan
in APPPATH\Views\Admin\header.php on line 106.
 1 APPPATH\Views\Admin\header.php(106): CodeIgniter\Debug\Exceptions->errorHandler(2, 'Undefined variable $data_pekerjaan', 'APPPATH\\Views\\Admin\\header.php', 106)
 2 SYSTEMPATH\View\View.php(213): include('APPPATH\\Views\\Admin\\header.php')
 3 SYSTEMPATH\View\View.php(216): CodeIgniter\View\View->CodeIgniter\View\{closure}()
 4 SYSTEMPATH\Common.php(1177): CodeIgniter\View\View->render('Admin/header.php', [], true)
 5 APPPATH\Views\Admin\datapengguna.php(2): view('Admin/header.php')
 6 SYSTEMPATH\View\View.php(213): include('APPPATH\\Views\\Admin\\datapengguna.php')
 7 SYSTEMPATH\View\View.php(216): CodeIgniter\View\View->CodeIgniter\View\{closure}()
 8 SYSTEMPATH\Common.php(1177): CodeIgniter\View\View->render('Admin/datapengguna', [], true)
 9 APPPATH\Controllers\Admin\DataPengguna.php(27): view('Admin/datapengguna', [...])
10 SYSTEMPATH\CodeIgniter.php(934): App\Controllers\Admin\DataPengguna->index()
11 SYSTEMPATH\CodeIgniter.php(499): CodeIgniter\CodeIgniter->runController(Object(App\Controllers\Admin\DataPengguna))
12 SYSTEMPATH\CodeIgniter.php(368): CodeIgniter\CodeIgniter->handleRequest(null, Object(Config\Cache), false)
13 FCPATH\index.php(67): CodeIgniter\CodeIgniter->run()
14 SYSTEMPATH\Commands\Server\rewrite.php(47): require_once('FCPATH\\index.php')
INFO - 2023-01-31 01:48:27 --> Session: Class initialized using 'CodeIgniter\Session\Handlers\FileHandler' driver.
CRITICAL - 2023-01-31 01:48:27 --> Undefined variable $data_pekerjaan
in APPPATH\Views\Admin\header.php on line 106.
 1 APPPATH\Views\Admin\header.php(106): CodeIgniter\Debug\Exceptions->errorHandler(2, 'Undefined variable $data_pekerjaan', 'APPPATH\\Views\\Admin\\header.php', 106)
 2 SYSTEMPATH\View\View.php(213): include('APPPATH\\Views\\Admin\\header.php')
 3 SYSTEMPATH\View\View.php(216): CodeIgniter\View\View->CodeIgniter\View\{closure}()
 4 SYSTEMPATH\Common.php(1177): CodeIgniter\View\View->render('Admin/header.php', [], true)
 5 APPPATH\Views\Admin\datapengguna.php(2): view('Admin/header.php')
 6 SYSTEMPATH\View\View.php(213): include('APPPATH\\Views\\Admin\\datapengguna.php')
 7 SYSTEMPATH\View\View.php(216): CodeIgniter\View\View->CodeIgniter\View\{closure}()
 8 SYSTEMPATH\Common.php(1177): CodeIgniter\View\View->render('Admin/datapengguna', [], true)
 9 APPPATH\Controllers\Admin\DataPengguna.php(27): view('Admin/datapengguna', [...])
10 SYSTEMPATH\CodeIgniter.php(934): App\Controllers\Admin\DataPengguna->index()
11 SYSTEMPATH\CodeIgniter.php(499): CodeIgniter\CodeIgniter->runController(Object(App\Controllers\Admin\DataPengguna))
12 SYSTEMPATH\CodeIgniter.php(368): CodeIgniter\CodeIgniter->handleRequest(null, Object(Config\Cache), false)
13 FCPATH\index.php(67): CodeIgniter\CodeIgniter->run()
14 SYSTEMPATH\Commands\Server\rewrite.php(47): require_once('FCPATH\\index.php')
INFO - 2023-01-31 01:51:11 --> Session: Class initialized using 'CodeIgniter\Session\Handlers\FileHandler' driver.
INFO - 2023-01-31 01:54:17 --> Session: Class initialized using 'CodeIgniter\Session\Handlers\FileHandler' driver.
INFO - 2023-01-31 01:54:19 --> Session: Class initialized using 'CodeIgniter\Session\Handlers\FileHandler' driver.
INFO - 2023-01-31 01:54:22 --> Session: Class initialized using 'CodeIgniter\Session\Handlers\FileHandler' driver.
INFO - 2023-01-31 01:54:24 --> Session: Class initialized using 'CodeIgniter\Session\Handlers\FileHandler' driver.
INFO - 2023-01-31 01:54:27 --> Session: Class initialized using 'CodeIgniter\Session\Handlers\FileHandler' driver.
INFO - 2023-01-31 01:54:29 --> Session: Class initialized using 'CodeIgniter\Session\Handlers\FileHandler' driver.
INFO - 2023-01-31 01:55:03 --> Session: Class initialized using 'CodeIgniter\Session\Handlers\FileHandler' driver.
INFO - 2023-01-31 01:55:03 --> Session: Class initialized using 'CodeIgniter\Session\Handlers\FileHandler' driver.
INFO - 2023-01-31 01:58:17 --> Session: Class initialized using 'CodeIgniter\Session\Handlers\FileHandler' driver.
INFO - 2023-01-31 01:58:17 --> Session: Class initialized using 'CodeIgniter\Session\Handlers\FileHandler' driver.
INFO - 2023-01-31 01:58:26 --> Session: Class initialized using 'CodeIgniter\Session\Handlers\FileHandler' driver.
INFO - 2023-01-31 01:58:26 --> Session: Class initialized using 'CodeIgniter\Session\Handlers\FileHandler' driver.
INFO - 2023-01-31 01:58:37 --> Session: Class initialized using 'CodeIgniter\Session\Handlers\FileHandler' driver.
INFO - 2023-01-31 01:58:37 --> Session: Class initialized using 'CodeIgniter\Session\Handlers\FileHandler' driver.
INFO - 2023-01-31 01:58:44 --> Session: Class initialized using 'CodeIgniter\Session\Handlers\FileHandler' driver.
INFO - 2023-01-31 01:58:44 --> Session: Class initialized using 'CodeIgniter\Session\Handlers\FileHandler' driver.
INFO - 2023-01-31 02:02:20 --> Session: Class initialized using 'CodeIgniter\Session\Handlers\FileHandler' driver.
INFO - 2023-01-31 02:35:34 --> Session: Class initialized using 'CodeIgniter\Session\Handlers\FileHandler' driver.
INFO - 2023-01-31 02:35:50 --> Session: Class initialized using 'CodeIgniter\Session\Handlers\FileHandler' driver.
INFO - 2023-01-31 02:36:20 --> Session: Class initialized using 'CodeIgniter\Session\Handlers\FileHandler' driver.
INFO - 2023-01-31 02:36:22 --> Session: Class initialized using 'CodeIgniter\Session\Handlers\FileHandler' driver.
CRITICAL - 2023-01-31 02:36:22 --> Undefined variable $id_pekerjaan
in APPPATH\Views\Admin\tambahpekerja.php on line 35.
 1 APPPATH\Views\Admin\tambahpekerja.php(35): CodeIgniter\Debug\Exceptions->errorHandler(2, 'Undefined variable $id_pekerjaan', 'APPPATH\\Views\\Admin\\tambahpekerja.php', 35)
 2 SYSTEMPATH\View\View.php(213): include('APPPATH\\Views\\Admin\\tambahpekerja.php')
 3 SYSTEMPATH\View\View.php(216): CodeIgniter\View\View->CodeIgniter\View\{closure}()
 4 SYSTEMPATH\Common.php(1177): CodeIgniter\View\View->render('Admin/tambahpekerja', [], true)
 5 APPPATH\Controllers\Admin\DataPekerja.php(44): view('Admin/tambahpekerja', [...])
 6 SYSTEMPATH\CodeIgniter.php(934): App\Controllers\Admin\DataPekerja->tambah('1')
 7 SYSTEMPATH\CodeIgniter.php(499): CodeIgniter\CodeIgniter->runController(Object(App\Controllers\Admin\DataPekerja))
 8 SYSTEMPATH\CodeIgniter.php(368): CodeIgniter\CodeIgniter->handleRequest(null, Object(Config\Cache), false)
 9 FCPATH\index.php(67): CodeIgniter\CodeIgniter->run()
10 SYSTEMPATH\Commands\Server\rewrite.php(47): require_once('FCPATH\\index.php')
INFO - 2023-01-31 02:37:59 --> Session: Class initialized using 'CodeIgniter\Session\Handlers\FileHandler' driver.
CRITICAL - 2023-01-31 02:37:59 --> Undefined variable $id_pekerjaan
in APPPATH\Views\Admin\tambahpekerja.php on line 35.
 1 APPPATH\Views\Admin\tambahpekerja.php(35): CodeIgniter\Debug\Exceptions->errorHandler(2, 'Undefined variable $id_pekerjaan', 'APPPATH\\Views\\Admin\\tambahpekerja.php', 35)
 2 SYSTEMPATH\View\View.php(213): include('APPPATH\\Views\\Admin\\tambahpekerja.php')
 3 SYSTEMPATH\View\View.php(216): CodeIgniter\View\View->CodeIgniter\View\{closure}()
 4 SYSTEMPATH\Common.php(1177): CodeIgniter\View\View->render('Admin/tambahpekerja', [], true)
 5 APPPATH\Controllers\Admin\DataPekerja.php(44): view('Admin/tambahpekerja', [...])
 6 SYSTEMPATH\CodeIgniter.php(934): App\Controllers\Admin\DataPekerja->tambah('1')
 7 SYSTEMPATH\CodeIgniter.php(499): CodeIgniter\CodeIgniter->runController(Object(App\Controllers\Admin\DataPekerja))
 8 SYSTEMPATH\CodeIgniter.php(368): CodeIgniter\CodeIgniter->handleRequest(null, Object(Config\Cache), false)
 9 FCPATH\index.php(67): CodeIgniter\CodeIgniter->run()
10 SYSTEMPATH\Commands\Server\rewrite.php(47): require_once('FCPATH\\index.php')
INFO - 2023-01-31 02:38:01 --> Session: Class initialized using 'CodeIgniter\Session\Handlers\FileHandler' driver.
CRITICAL - 2023-01-31 02:38:01 --> Undefined variable $id_pekerjaan
in APPPATH\Views\Admin\tambahpekerja.php on line 35.
 1 APPPATH\Views\Admin\tambahpekerja.php(35): CodeIgniter\Debug\Exceptions->errorHandler(2, 'Undefined variable $id_pekerjaan', 'APPPATH\\Views\\Admin\\tambahpekerja.php', 35)
 2 SYSTEMPATH\View\View.php(213): include('APPPATH\\Views\\Admin\\tambahpekerja.php')
 3 SYSTEMPATH\View\View.php(216): CodeIgniter\View\View->CodeIgniter\View\{closure}()
 4 SYSTEMPATH\Common.php(1177): CodeIgniter\View\View->render('Admin/tambahpekerja', [], true)
 5 APPPATH\Controllers\Admin\DataPekerja.php(44): view('Admin/tambahpekerja', [...])
 6 SYSTEMPATH\CodeIgniter.php(934): App\Controllers\Admin\DataPekerja->tambah('1')
 7 SYSTEMPATH\CodeIgniter.php(499): CodeIgniter\CodeIgniter->runController(Object(App\Controllers\Admin\DataPekerja))
 8 SYSTEMPATH\CodeIgniter.php(368): CodeIgniter\CodeIgniter->handleRequest(null, Object(Config\Cache), false)
 9 FCPATH\index.php(67): CodeIgniter\CodeIgniter->run()
10 SYSTEMPATH\Commands\Server\rewrite.php(47): require_once('FCPATH\\index.php')
INFO - 2023-01-31 02:38:49 --> Session: Class initialized using 'CodeIgniter\Session\Handlers\FileHandler' driver.
INFO - 2023-01-31 02:38:50 --> Session: Class initialized using 'CodeIgniter\Session\Handlers\FileHandler' driver.
INFO - 2023-01-31 02:38:52 --> Session: Class initialized using 'CodeIgniter\Session\Handlers\FileHandler' driver.
INFO - 2023-01-31 02:39:39 --> Session: Class initialized using 'CodeIgniter\Session\Handlers\FileHandler' driver.
CRITICAL - 2023-01-31 02:39:39 --> Undefined variable $id_pekerjaan
in APPPATH\Views\Admin\tambahpekerja.php on line 56.
 1 APPPATH\Views\Admin\tambahpekerja.php(56): CodeIgniter\Debug\Exceptions->errorHandler(2, 'Undefined variable $id_pekerjaan', 'APPPATH\\Views\\Admin\\tambahpekerja.php', 56)
 2 SYSTEMPATH\View\View.php(213): include('APPPATH\\Views\\Admin\\tambahpekerja.php')
 3 SYSTEMPATH\View\View.php(216): CodeIgniter\View\View->CodeIgniter\View\{closure}()
 4 SYSTEMPATH\Common.php(1177): CodeIgniter\View\View->render('Admin/tambahpekerja', [], true)
 5 APPPATH\Controllers\Admin\DataPekerja.php(44): view('Admin/tambahpekerja', [...])
 6 SYSTEMPATH\CodeIgniter.php(934): App\Controllers\Admin\DataPekerja->tambah('1')
 7 SYSTEMPATH\CodeIgniter.php(499): CodeIgniter\CodeIgniter->runController(Object(App\Controllers\Admin\DataPekerja))
 8 SYSTEMPATH\CodeIgniter.php(368): CodeIgniter\CodeIgniter->handleRequest(null, Object(Config\Cache), false)
 9 FCPATH\index.php(67): CodeIgniter\CodeIgniter->run()
10 SYSTEMPATH\Commands\Server\rewrite.php(47): require_once('FCPATH\\index.php')
INFO - 2023-01-31 02:40:02 --> Session: Class initialized using 'CodeIgniter\Session\Handlers\FileHandler' driver.
INFO - 2023-01-31 02:40:42 --> Session: Class initialized using 'CodeIgniter\Session\Handlers\FileHandler' driver.
INFO - 2023-01-31 02:41:25 --> Session: Class initialized using 'CodeIgniter\Session\Handlers\FileHandler' driver.
INFO - 2023-01-31 02:41:51 --> Session: Class initialized using 'CodeIgniter\Session\Handlers\FileHandler' driver.
INFO - 2023-01-31 02:43:02 --> Session: Class initialized using 'CodeIgniter\Session\Handlers\FileHandler' driver.
INFO - 2023-01-31 02:43:25 --> Session: Class initialized using 'CodeIgniter\Session\Handlers\FileHandler' driver.
INFO - 2023-01-31 02:46:58 --> Session: Class initialized using 'CodeIgniter\Session\Handlers\FileHandler' driver.
INFO - 2023-01-31 02:50:15 --> Session: Class initialized using 'CodeIgniter\Session\Handlers\FileHandler' driver.
INFO - 2023-01-31 02:51:09 --> Session: Class initialized using 'CodeIgniter\Session\Handlers\FileHandler' driver.
ERROR - 2023-01-31 02:51:12 --> mysqli_sql_exception: Unknown column 'keterangan' in 'field list' in C:\Users\cahya\Documents\Kerjaan\ci-cek-karyawan\system\Database\MySQLi\Connection.php:295
Stack trace:
#0 C:\Users\cahya\Documents\Kerjaan\ci-cek-karyawan\system\Database\MySQLi\Connection.php(295): mysqli->query('INSERT INTO `tb...', 0)
#1 C:\Users\cahya\Documents\Kerjaan\ci-cek-karyawan\system\Database\BaseConnection.php(691): CodeIgniter\Database\MySQLi\Connection->execute('INSERT INTO `tb...')
#2 C:\Users\cahya\Documents\Kerjaan\ci-cek-karyawan\system\Database\BaseConnection.php(605): CodeIgniter\Database\BaseConnection->simpleQuery('INSERT INTO `tb...')
#3 C:\Users\cahya\Documents\Kerjaan\ci-cek-karyawan\system\Database\BaseBuilder.php(2295): CodeIgniter\Database\BaseConnection->query('INSERT INTO `tb...', Array, false)
#4 C:\Users\cahya\Documents\Kerjaan\ci-cek-karyawan\app\Models\PekerjaanModel.php(35): CodeIgniter\Database\BaseBuilder->insert(Array)
#5 C:\Users\cahya\Documents\Kerjaan\ci-cek-karyawan\app\Controllers\Admin\DataPekerja.php(67): App\Models\PekerjaanModel->simpanData(Array)
#6 C:\Users\cahya\Documents\Kerjaan\ci-cek-karyawan\system\CodeIgniter.php(934): App\Controllers\Admin\DataPekerja->simpan('1')
#7 C:\Users\cahya\Documents\Kerjaan\ci-cek-karyawan\system\CodeIgniter.php(499): CodeIgniter\CodeIgniter->runController(Object(App\Controllers\Admin\DataPekerja))
#8 C:\Users\cahya\Documents\Kerjaan\ci-cek-karyawan\system\CodeIgniter.php(368): CodeIgniter\CodeIgniter->handleRequest(NULL, Object(Config\Cache), false)
#9 C:\Users\cahya\Documents\Kerjaan\ci-cek-karyawan\public\index.php(67): CodeIgniter\CodeIgniter->run()
#10 C:\Users\cahya\Documents\Kerjaan\ci-cek-karyawan\system\Commands\Server\rewrite.php(47): require_once('C:\\Users\\cahya\\...')
#11 {main}
CRITICAL - 2023-01-31 02:51:12 --> Unknown column 'keterangan' in 'field list'
in SYSTEMPATH\Database\BaseConnection.php on line 645.
 1 SYSTEMPATH\Database\BaseBuilder.php(2295): CodeIgniter\Database\BaseConnection->query('INSERT INTO `tb_pekerja` (`nama`, `tgl_lahir`, `operator`, `keterangan`, `no_npwp`, `nama_perusahaan`, `alamat_perusahaan`) VALUES (:nama:, :tgl_lahir:, :operator:, :keterangan:, :no_npwp:, :nama_perusahaan:, :alamat_perusahaan:)', [...], false)
 2 APPPATH\Models\PekerjaanModel.php(35): CodeIgniter\Database\BaseBuilder->insert([...])
 3 APPPATH\Controllers\Admin\DataPekerja.php(67): App\Models\PekerjaanModel->simpanData([...])
 4 SYSTEMPATH\CodeIgniter.php(934): App\Controllers\Admin\DataPekerja->simpan('1')
 5 SYSTEMPATH\CodeIgniter.php(499): CodeIgniter\CodeIgniter->runController(Object(App\Controllers\Admin\DataPekerja))
 6 SYSTEMPATH\CodeIgniter.php(368): CodeIgniter\CodeIgniter->handleRequest(null, Object(Config\Cache), false)
 7 FCPATH\index.php(67): CodeIgniter\CodeIgniter->run()
 8 SYSTEMPATH\Commands\Server\rewrite.php(47): require_once('FCPATH\\index.php')
INFO - 2023-01-31 02:52:29 --> Session: Class initialized using 'CodeIgniter\Session\Handlers\FileHandler' driver.
INFO - 2023-01-31 02:52:58 --> Session: Class initialized using 'CodeIgniter\Session\Handlers\FileHandler' driver.
ERROR - 2023-01-31 02:53:01 --> mysqli_sql_exception: Unknown column 'keterangan' in 'field list' in C:\Users\cahya\Documents\Kerjaan\ci-cek-karyawan\system\Database\MySQLi\Connection.php:295
Stack trace:
#0 C:\Users\cahya\Documents\Kerjaan\ci-cek-karyawan\system\Database\MySQLi\Connection.php(295): mysqli->query('INSERT INTO `tb...', 0)
#1 C:\Users\cahya\Documents\Kerjaan\ci-cek-karyawan\system\Database\BaseConnection.php(691): CodeIgniter\Database\MySQLi\Connection->execute('INSERT INTO `tb...')
#2 C:\Users\cahya\Documents\Kerjaan\ci-cek-karyawan\system\Database\BaseConnection.php(605): CodeIgniter\Database\BaseConnection->simpleQuery('INSERT INTO `tb...')
#3 C:\Users\cahya\Documents\Kerjaan\ci-cek-karyawan\system\Database\BaseBuilder.php(2295): CodeIgniter\Database\BaseConnection->query('INSERT INTO `tb...', Array, false)
#4 C:\Users\cahya\Documents\Kerjaan\ci-cek-karyawan\app\Models\PekerjaanModel.php(35): CodeIgniter\Database\BaseBuilder->insert(Array)
#5 C:\Users\cahya\Documents\Kerjaan\ci-cek-karyawan\app\Controllers\Admin\DataPekerja.php(67): App\Models\PekerjaanModel->simpanData(Array)
#6 C:\Users\cahya\Documents\Kerjaan\ci-cek-karyawan\system\CodeIgniter.php(934): App\Controllers\Admin\DataPekerja->simpan('1')
#7 C:\Users\cahya\Documents\Kerjaan\ci-cek-karyawan\system\CodeIgniter.php(499): CodeIgniter\CodeIgniter->runController(Object(App\Controllers\Admin\DataPekerja))
#8 C:\Users\cahya\Documents\Kerjaan\ci-cek-karyawan\system\CodeIgniter.php(368): CodeIgniter\CodeIgniter->handleRequest(NULL, Object(Config\Cache), false)
#9 C:\Users\cahya\Documents\Kerjaan\ci-cek-karyawan\public\index.php(67): CodeIgniter\CodeIgniter->run()
#10 C:\Users\cahya\Documents\Kerjaan\ci-cek-karyawan\system\Commands\Server\rewrite.php(47): require_once('C:\\Users\\cahya\\...')
#11 {main}
CRITICAL - 2023-01-31 02:53:01 --> Unknown column 'keterangan' in 'field list'
in SYSTEMPATH\Database\BaseConnection.php on line 645.
 1 SYSTEMPATH\Database\BaseBuilder.php(2295): CodeIgniter\Database\BaseConnection->query('INSERT INTO `tb_pekerja` (`nama`, `tgl_lahir`, `operator`, `keterangan`, `no_npwp`, `nama_perusahaan`, `alamat_perusahaan`) VALUES (:nama:, :tgl_lahir:, :operator:, :keterangan:, :no_npwp:, :nama_perusahaan:, :alamat_perusahaan:)', [...], false)
 2 APPPATH\Models\PekerjaanModel.php(35): CodeIgniter\Database\BaseBuilder->insert([...])
 3 APPPATH\Controllers\Admin\DataPekerja.php(67): App\Models\PekerjaanModel->simpanData([...])
 4 SYSTEMPATH\CodeIgniter.php(934): App\Controllers\Admin\DataPekerja->simpan('1')
 5 SYSTEMPATH\CodeIgniter.php(499): CodeIgniter\CodeIgniter->runController(Object(App\Controllers\Admin\DataPekerja))
 6 SYSTEMPATH\CodeIgniter.php(368): CodeIgniter\CodeIgniter->handleRequest(null, Object(Config\Cache), false)
 7 FCPATH\index.php(67): CodeIgniter\CodeIgniter->run()
 8 SYSTEMPATH\Commands\Server\rewrite.php(47): require_once('FCPATH\\index.php')
ERROR - 2023-01-31 02:53:49 --> mysqli_sql_exception: Unknown column 'no_npwp' in 'field list' in C:\Users\cahya\Documents\Kerjaan\ci-cek-karyawan\system\Database\MySQLi\Connection.php:295
Stack trace:
#0 C:\Users\cahya\Documents\Kerjaan\ci-cek-karyawan\system\Database\MySQLi\Connection.php(295): mysqli->query('INSERT INTO `tb...', 0)
#1 C:\Users\cahya\Documents\Kerjaan\ci-cek-karyawan\system\Database\BaseConnection.php(691): CodeIgniter\Database\MySQLi\Connection->execute('INSERT INTO `tb...')
#2 C:\Users\cahya\Documents\Kerjaan\ci-cek-karyawan\system\Database\BaseConnection.php(605): CodeIgniter\Database\BaseConnection->simpleQuery('INSERT INTO `tb...')
#3 C:\Users\cahya\Documents\Kerjaan\ci-cek-karyawan\system\Database\BaseBuilder.php(2295): CodeIgniter\Database\BaseConnection->query('INSERT INTO `tb...', Array, false)
#4 C:\Users\cahya\Documents\Kerjaan\ci-cek-karyawan\app\Models\PekerjaanModel.php(35): CodeIgniter\Database\BaseBuilder->insert(Array)
#5 C:\Users\cahya\Documents\Kerjaan\ci-cek-karyawan\app\Controllers\Admin\DataPekerja.php(67): App\Models\PekerjaanModel->simpanData(Array)
#6 C:\Users\cahya\Documents\Kerjaan\ci-cek-karyawan\system\CodeIgniter.php(934): App\Controllers\Admin\DataPekerja->simpan('1')
#7 C:\Users\cahya\Documents\Kerjaan\ci-cek-karyawan\system\CodeIgniter.php(499): CodeIgniter\CodeIgniter->runController(Object(App\Controllers\Admin\DataPekerja))
#8 C:\Users\cahya\Documents\Kerjaan\ci-cek-karyawan\system\CodeIgniter.php(368): CodeIgniter\CodeIgniter->handleRequest(NULL, Object(Config\Cache), false)
#9 C:\Users\cahya\Documents\Kerjaan\ci-cek-karyawan\public\index.php(67): CodeIgniter\CodeIgniter->run()
#10 C:\Users\cahya\Documents\Kerjaan\ci-cek-karyawan\system\Commands\Server\rewrite.php(47): require_once('C:\\Users\\cahya\\...')
#11 {main}
CRITICAL - 2023-01-31 02:53:49 --> Unknown column 'no_npwp' in 'field list'
in SYSTEMPATH\Database\BaseConnection.php on line 645.
 1 SYSTEMPATH\Database\BaseBuilder.php(2295): CodeIgniter\Database\BaseConnection->query('INSERT INTO `tb_pekerja` (`nama`, `tgl_lahir`, `operator`, `pekerjaan_id`, `no_npwp`, `nama_perusahaan`, `alamat_perusahaan`) VALUES (:nama:, :tgl_lahir:, :operator:, :pekerjaan_id:, :no_npwp:, :nama_perusahaan:, :alamat_perusahaan:)', [...], false)
 2 APPPATH\Models\PekerjaanModel.php(35): CodeIgniter\Database\BaseBuilder->insert([...])
 3 APPPATH\Controllers\Admin\DataPekerja.php(67): App\Models\PekerjaanModel->simpanData([...])
 4 SYSTEMPATH\CodeIgniter.php(934): App\Controllers\Admin\DataPekerja->simpan('1')
 5 SYSTEMPATH\CodeIgniter.php(499): CodeIgniter\CodeIgniter->runController(Object(App\Controllers\Admin\DataPekerja))
 6 SYSTEMPATH\CodeIgniter.php(368): CodeIgniter\CodeIgniter->handleRequest(null, Object(Config\Cache), false)
 7 FCPATH\index.php(67): CodeIgniter\CodeIgniter->run()
 8 SYSTEMPATH\Commands\Server\rewrite.php(47): require_once('FCPATH\\index.php')
INFO - 2023-01-31 02:54:30 --> Session: Class initialized using 'CodeIgniter\Session\Handlers\FileHandler' driver.
INFO - 2023-01-31 02:54:42 --> Session: Class initialized using 'CodeIgniter\Session\Handlers\FileHandler' driver.
INFO - 2023-01-31 02:55:15 --> Session: Class initialized using 'CodeIgniter\Session\Handlers\FileHandler' driver.
INFO - 2023-01-31 11:21:18 --> Session: Class initialized using 'CodeIgniter\Session\Handlers\FileHandler' driver.
INFO - 2023-01-31 11:21:18 --> Session: Class initialized using 'CodeIgniter\Session\Handlers\FileHandler' driver.
INFO - 2023-01-31 11:21:33 --> Session: Class initialized using 'CodeIgniter\Session\Handlers\FileHandler' driver.
INFO - 2023-01-31 11:21:33 --> Session: Class initialized using 'CodeIgniter\Session\Handlers\FileHandler' driver.
INFO - 2023-01-31 11:21:36 --> Session: Class initialized using 'CodeIgniter\Session\Handlers\FileHandler' driver.
INFO - 2023-01-31 11:21:44 --> Session: Class initialized using 'CodeIgniter\Session\Handlers\FileHandler' driver.
INFO - 2023-01-31 11:22:04 --> Session: Class initialized using 'CodeIgniter\Session\Handlers\FileHandler' driver.
INFO - 2023-01-31 11:22:11 --> Session: Class initialized using 'CodeIgniter\Session\Handlers\FileHandler' driver.
INFO - 2023-01-31 11:22:12 --> Session: Class initialized using 'CodeIgniter\Session\Handlers\FileHandler' driver.
INFO - 2023-01-31 11:22:27 --> Session: Class initialized using 'CodeIgniter\Session\Handlers\FileHandler' driver.
INFO - 2023-01-31 11:22:41 --> Session: Class initialized using 'CodeIgniter\Session\Handlers\FileHandler' driver.
INFO - 2023-01-31 11:37:15 --> Session: Class initialized using 'CodeIgniter\Session\Handlers\FileHandler' driver.
INFO - 2023-01-31 11:37:31 --> Session: Class initialized using 'CodeIgniter\Session\Handlers\FileHandler' driver.
INFO - 2023-01-31 11:38:05 --> Session: Class initialized using 'CodeIgniter\Session\Handlers\FileHandler' driver.
CRITICAL - 2023-01-31 11:38:14 --> Too few arguments to function App\Controllers\Admin\DataPekerja::simpan(), 0 passed in C:\Users\cahya\Documents\Kerjaan\ci-cek-karyawan\system\CodeIgniter.php on line 934 and exactly 1 expected
in APPPATH\Controllers\Admin\DataPekerja.php on line 48.
 1 SYSTEMPATH\CodeIgniter.php(934): App\Controllers\Admin\DataPekerja->simpan()
 2 SYSTEMPATH\CodeIgniter.php(499): CodeIgniter\CodeIgniter->runController(Object(App\Controllers\Admin\DataPekerja))
 3 SYSTEMPATH\CodeIgniter.php(368): CodeIgniter\CodeIgniter->handleRequest(null, Object(Config\Cache), false)
 4 FCPATH\index.php(67): CodeIgniter\CodeIgniter->run()
 5 SYSTEMPATH\Commands\Server\rewrite.php(47): require_once('FCPATH\\index.php')
INFO - 2023-01-31 11:39:09 --> Session: Class initialized using 'CodeIgniter\Session\Handlers\FileHandler' driver.
ERROR - 2023-01-31 11:39:17 --> mysqli_sql_exception: Unknown column 'nama_pengguna' in 'field list' in C:\Users\cahya\Documents\Kerjaan\ci-cek-karyawan\system\Database\MySQLi\Connection.php:295
Stack trace:
#0 C:\Users\cahya\Documents\Kerjaan\ci-cek-karyawan\system\Database\MySQLi\Connection.php(295): mysqli->query('INSERT INTO `tb...', 0)
#1 C:\Users\cahya\Documents\Kerjaan\ci-cek-karyawan\system\Database\BaseConnection.php(691): CodeIgniter\Database\MySQLi\Connection->execute('INSERT INTO `tb...')
#2 C:\Users\cahya\Documents\Kerjaan\ci-cek-karyawan\system\Database\BaseConnection.php(605): CodeIgniter\Database\BaseConnection->simpleQuery('INSERT INTO `tb...')
#3 C:\Users\cahya\Documents\Kerjaan\ci-cek-karyawan\system\Database\BaseBuilder.php(2295): CodeIgniter\Database\BaseConnection->query('INSERT INTO `tb...', Array, false)
#4 C:\Users\cahya\Documents\Kerjaan\ci-cek-karyawan\app\Models\PekerjaanModel.php(35): CodeIgniter\Database\BaseBuilder->insert(Array)
#5 C:\Users\cahya\Documents\Kerjaan\ci-cek-karyawan\app\Controllers\Admin\DataPengguna.php(61): App\Models\PekerjaanModel->simpanData(Array)
#6 C:\Users\cahya\Documents\Kerjaan\ci-cek-karyawan\system\CodeIgniter.php(934): App\Controllers\Admin\DataPengguna->simpan()
#7 C:\Users\cahya\Documents\Kerjaan\ci-cek-karyawan\system\CodeIgniter.php(499): CodeIgniter\CodeIgniter->runController(Object(App\Controllers\Admin\DataPengguna))
#8 C:\Users\cahya\Documents\Kerjaan\ci-cek-karyawan\system\CodeIgniter.php(368): CodeIgniter\CodeIgniter->handleRequest(NULL, Object(Config\Cache), false)
#9 C:\Users\cahya\Documents\Kerjaan\ci-cek-karyawan\public\index.php(67): CodeIgniter\CodeIgniter->run()
#10 C:\Users\cahya\Documents\Kerjaan\ci-cek-karyawan\system\Commands\Server\rewrite.php(47): require_once('C:\\Users\\cahya\\...')
#11 {main}
CRITICAL - 2023-01-31 11:39:17 --> Unknown column 'nama_pengguna' in 'field list'
in SYSTEMPATH\Database\BaseConnection.php on line 645.
 1 SYSTEMPATH\Database\BaseBuilder.php(2295): CodeIgniter\Database\BaseConnection->query('INSERT INTO `tb_pekerja` (`nama_pengguna`, `username`, `password`, `level`) VALUES (:nama_pengguna:, :username:, :password:, :level:)', [...], false)
 2 APPPATH\Models\PekerjaanModel.php(35): CodeIgniter\Database\BaseBuilder->insert([...])
 3 APPPATH\Controllers\Admin\DataPengguna.php(61): App\Models\PekerjaanModel->simpanData([...])
 4 SYSTEMPATH\CodeIgniter.php(934): App\Controllers\Admin\DataPengguna->simpan()
 5 SYSTEMPATH\CodeIgniter.php(499): CodeIgniter\CodeIgniter->runController(Object(App\Controllers\Admin\DataPengguna))
 6 SYSTEMPATH\CodeIgniter.php(368): CodeIgniter\CodeIgniter->handleRequest(null, Object(Config\Cache), false)
 7 FCPATH\index.php(67): CodeIgniter\CodeIgniter->run()
 8 SYSTEMPATH\Commands\Server\rewrite.php(47): require_once('FCPATH\\index.php')
INFO - 2023-01-31 11:40:12 --> Session: Class initialized using 'CodeIgniter\Session\Handlers\FileHandler' driver.
ERROR - 2023-01-31 11:40:16 --> mysqli_sql_exception: Unknown column 'nama_pengguna' in 'field list' in C:\Users\cahya\Documents\Kerjaan\ci-cek-karyawan\system\Database\MySQLi\Connection.php:295
Stack trace:
#0 C:\Users\cahya\Documents\Kerjaan\ci-cek-karyawan\system\Database\MySQLi\Connection.php(295): mysqli->query('INSERT INTO `tb...', 0)
#1 C:\Users\cahya\Documents\Kerjaan\ci-cek-karyawan\system\Database\BaseConnection.php(691): CodeIgniter\Database\MySQLi\Connection->execute('INSERT INTO `tb...')
#2 C:\Users\cahya\Documents\Kerjaan\ci-cek-karyawan\system\Database\BaseConnection.php(605): CodeIgniter\Database\BaseConnection->simpleQuery('INSERT INTO `tb...')
#3 C:\Users\cahya\Documents\Kerjaan\ci-cek-karyawan\system\Database\BaseBuilder.php(2295): CodeIgniter\Database\BaseConnection->query('INSERT INTO `tb...', Array, false)
#4 C:\Users\cahya\Documents\Kerjaan\ci-cek-karyawan\app\Models\PekerjaanModel.php(35): CodeIgniter\Database\BaseBuilder->insert(Array)
#5 C:\Users\cahya\Documents\Kerjaan\ci-cek-karyawan\app\Controllers\Admin\DataPengguna.php(61): App\Models\PekerjaanModel->simpanData(Array)
#6 C:\Users\cahya\Documents\Kerjaan\ci-cek-karyawan\system\CodeIgniter.php(934): App\Controllers\Admin\DataPengguna->simpan()
#7 C:\Users\cahya\Documents\Kerjaan\ci-cek-karyawan\system\CodeIgniter.php(499): CodeIgniter\CodeIgniter->runController(Object(App\Controllers\Admin\DataPengguna))
#8 C:\Users\cahya\Documents\Kerjaan\ci-cek-karyawan\system\CodeIgniter.php(368): CodeIgniter\CodeIgniter->handleRequest(NULL, Object(Config\Cache), false)
#9 C:\Users\cahya\Documents\Kerjaan\ci-cek-karyawan\public\index.php(67): CodeIgniter\CodeIgniter->run()
#10 C:\Users\cahya\Documents\Kerjaan\ci-cek-karyawan\system\Commands\Server\rewrite.php(47): require_once('C:\\Users\\cahya\\...')
#11 {main}
CRITICAL - 2023-01-31 11:40:16 --> Unknown column 'nama_pengguna' in 'field list'
in SYSTEMPATH\Database\BaseConnection.php on line 645.
 1 SYSTEMPATH\Database\BaseBuilder.php(2295): CodeIgniter\Database\BaseConnection->query('INSERT INTO `tb_pekerja` (`nama_pengguna`, `username`, `password`, `level`) VALUES (:nama_pengguna:, :username:, :password:, :level:)', [...], false)
 2 APPPATH\Models\PekerjaanModel.php(35): CodeIgniter\Database\BaseBuilder->insert([...])
 3 APPPATH\Controllers\Admin\DataPengguna.php(61): App\Models\PekerjaanModel->simpanData([...])
 4 SYSTEMPATH\CodeIgniter.php(934): App\Controllers\Admin\DataPengguna->simpan()
 5 SYSTEMPATH\CodeIgniter.php(499): CodeIgniter\CodeIgniter->runController(Object(App\Controllers\Admin\DataPengguna))
 6 SYSTEMPATH\CodeIgniter.php(368): CodeIgniter\CodeIgniter->handleRequest(null, Object(Config\Cache), false)
 7 FCPATH\index.php(67): CodeIgniter\CodeIgniter->run()
 8 SYSTEMPATH\Commands\Server\rewrite.php(47): require_once('FCPATH\\index.php')
INFO - 2023-01-31 11:40:47 --> Session: Class initialized using 'CodeIgniter\Session\Handlers\FileHandler' driver.
INFO - 2023-01-31 11:42:06 --> Session: Class initialized using 'CodeIgniter\Session\Handlers\FileHandler' driver.
INFO - 2023-01-31 11:42:13 --> Session: Class initialized using 'CodeIgniter\Session\Handlers\FileHandler' driver.
INFO - 2023-01-31 11:42:22 --> Session: Class initialized using 'CodeIgniter\Session\Handlers\FileHandler' driver.
INFO - 2023-01-31 11:42:22 --> Session: Class initialized using 'CodeIgniter\Session\Handlers\FileHandler' driver.
INFO - 2023-01-31 11:42:27 --> Session: Class initialized using 'CodeIgniter\Session\Handlers\FileHandler' driver.
INFO - 2023-01-31 11:42:27 --> Session: Class initialized using 'CodeIgniter\Session\Handlers\FileHandler' driver.
INFO - 2023-01-31 11:42:43 --> Session: Class initialized using 'CodeIgniter\Session\Handlers\FileHandler' driver.
INFO - 2023-01-31 13:10:37 --> Session: Class initialized using 'CodeIgniter\Session\Handlers\FileHandler' driver.
INFO - 2023-01-31 13:10:40 --> Session: Class initialized using 'CodeIgniter\Session\Handlers\FileHandler' driver.
INFO - 2023-01-31 13:10:43 --> Session: Class initialized using 'CodeIgniter\Session\Handlers\FileHandler' driver.
INFO - 2023-01-31 13:11:34 --> Session: Class initialized using 'CodeIgniter\Session\Handlers\FileHandler' driver.
INFO - 2023-01-31 13:11:38 --> Session: Class initialized using 'CodeIgniter\Session\Handlers\FileHandler' driver.
INFO - 2023-01-31 13:11:42 --> Session: Class initialized using 'CodeIgniter\Session\Handlers\FileHandler' driver.
INFO - 2023-01-31 13:11:45 --> Session: Class initialized using 'CodeIgniter\Session\Handlers\FileHandler' driver.
INFO - 2023-01-31 13:11:47 --> Session: Class initialized using 'CodeIgniter\Session\Handlers\FileHandler' driver.
INFO - 2023-01-31 13:11:50 --> Session: Class initialized using 'CodeIgniter\Session\Handlers\FileHandler' driver.
INFO - 2023-01-31 13:11:52 --> Session: Class initialized using 'CodeIgniter\Session\Handlers\FileHandler' driver.
INFO - 2023-01-31 13:11:55 --> Session: Class initialized using 'CodeIgniter\Session\Handlers\FileHandler' driver.
INFO - 2023-01-31 13:11:58 --> Session: Class initialized using 'CodeIgniter\Session\Handlers\FileHandler' driver.
INFO - 2023-01-31 13:12:01 --> Session: Class initialized using 'CodeIgniter\Session\Handlers\FileHandler' driver.
INFO - 2023-01-31 13:12:03 --> Session: Class initialized using 'CodeIgniter\Session\Handlers\FileHandler' driver.
INFO - 2023-01-31 13:12:04 --> Session: Class initialized using 'CodeIgniter\Session\Handlers\FileHandler' driver.
INFO - 2023-01-31 13:22:08 --> Session: Class initialized using 'CodeIgniter\Session\Handlers\FileHandler' driver.
INFO - 2023-01-31 13:22:12 --> Session: Class initialized using 'CodeIgniter\Session\Handlers\FileHandler' driver.
INFO - 2023-01-31 13:26:39 --> Session: Class initialized using 'CodeIgniter\Session\Handlers\FileHandler' driver.
INFO - 2023-01-31 13:26:43 --> Session: Class initialized using 'CodeIgniter\Session\Handlers\FileHandler' driver.
CRITICAL - 2023-01-31 13:26:43 --> Undefined variable $datapekerja
in APPPATH\Views\Admin\editpekerja.php on line 4.
 1 APPPATH\Views\Admin\editpekerja.php(4): CodeIgniter\Debug\Exceptions->errorHandler(2, 'Undefined variable $datapekerja', 'APPPATH\\Views\\Admin\\editpekerja.php', 4)
 2 SYSTEMPATH\View\View.php(213): include('APPPATH\\Views\\Admin\\editpekerja.php')
 3 SYSTEMPATH\View\View.php(216): CodeIgniter\View\View->CodeIgniter\View\{closure}()
 4 SYSTEMPATH\Common.php(1177): CodeIgniter\View\View->render('Admin/editpekerja', [], true)
 5 APPPATH\Controllers\Admin\DataPekerja.php(90): view('Admin/editpekerja', [...])
 6 SYSTEMPATH\CodeIgniter.php(934): App\Controllers\Admin\DataPekerja->ubah('857')
 7 SYSTEMPATH\CodeIgniter.php(499): CodeIgniter\CodeIgniter->runController(Object(App\Controllers\Admin\DataPekerja))
 8 SYSTEMPATH\CodeIgniter.php(368): CodeIgniter\CodeIgniter->handleRequest(null, Object(Config\Cache), false)
 9 FCPATH\index.php(67): CodeIgniter\CodeIgniter->run()
10 SYSTEMPATH\Commands\Server\rewrite.php(47): require_once('FCPATH\\index.php')
INFO - 2023-01-31 13:27:17 --> Session: Class initialized using 'CodeIgniter\Session\Handlers\FileHandler' driver.
INFO - 2023-01-31 13:27:21 --> Session: Class initialized using 'CodeIgniter\Session\Handlers\FileHandler' driver.
INFO - 2023-01-31 13:27:24 --> Session: Class initialized using 'CodeIgniter\Session\Handlers\FileHandler' driver.
INFO - 2023-01-31 13:27:28 --> Session: Class initialized using 'CodeIgniter\Session\Handlers\FileHandler' driver.
INFO - 2023-01-31 13:27:34 --> Session: Class initialized using 'CodeIgniter\Session\Handlers\FileHandler' driver.
INFO - 2023-01-31 13:27:37 --> Session: Class initialized using 'CodeIgniter\Session\Handlers\FileHandler' driver.
CRITICAL - 2023-01-31 13:28:06 --> Undefined variable $no_npwp
in APPPATH\Controllers\Admin\DataPekerja.php on line 111.
 1 APPPATH\Controllers\Admin\DataPekerja.php(111): CodeIgniter\Debug\Exceptions->errorHandler(2, 'Undefined variable $no_npwp', 'APPPATH\\Controllers\\Admin\\DataPekerja.php', 111)
 2 SYSTEMPATH\CodeIgniter.php(934): App\Controllers\Admin\DataPekerja->edit('1')
 3 SYSTEMPATH\CodeIgniter.php(499): CodeIgniter\CodeIgniter->runController(Object(App\Controllers\Admin\DataPekerja))
 4 SYSTEMPATH\CodeIgniter.php(368): CodeIgniter\CodeIgniter->handleRequest(null, Object(Config\Cache), false)
 5 FCPATH\index.php(67): CodeIgniter\CodeIgniter->run()
 6 SYSTEMPATH\Commands\Server\rewrite.php(47): require_once('FCPATH\\index.php')
INFO - 2023-01-31 13:29:13 --> Session: Class initialized using 'CodeIgniter\Session\Handlers\FileHandler' driver.
INFO - 2023-01-31 13:31:57 --> Session: Class initialized using 'CodeIgniter\Session\Handlers\FileHandler' driver.
INFO - 2023-01-31 13:32:03 --> Session: Class initialized using 'CodeIgniter\Session\Handlers\FileHandler' driver.
INFO - 2023-01-31 13:32:07 --> Session: Class initialized using 'CodeIgniter\Session\Handlers\FileHandler' driver.
INFO - 2023-01-31 13:32:10 --> Session: Class initialized using 'CodeIgniter\Session\Handlers\FileHandler' driver.
INFO - 2023-01-31 13:32:12 --> Session: Class initialized using 'CodeIgniter\Session\Handlers\FileHandler' driver.
INFO - 2023-01-31 13:32:32 --> Session: Class initialized using 'CodeIgniter\Session\Handlers\FileHandler' driver.
INFO - 2023-01-31 13:38:03 --> Session: Class initialized using 'CodeIgniter\Session\Handlers\FileHandler' driver.
INFO - 2023-01-31 13:38:07 --> Session: Class initialized using 'CodeIgniter\Session\Handlers\FileHandler' driver.
INFO - 2023-01-31 13:38:32 --> Session: Class initialized using 'CodeIgniter\Session\Handlers\FileHandler' driver.
INFO - 2023-01-31 13:38:42 --> Session: Class initialized using 'CodeIgniter\Session\Handlers\FileHandler' driver.
INFO - 2023-01-31 13:38:45 --> Session: Class initialized using 'CodeIgniter\Session\Handlers\FileHandler' driver.
INFO - 2023-01-31 13:39:05 --> Session: Class initialized using 'CodeIgniter\Session\Handlers\FileHandler' driver.
INFO - 2023-01-31 13:39:12 --> Session: Class initialized using 'CodeIgniter\Session\Handlers\FileHandler' driver.
INFO - 2023-01-31 14:01:36 --> Session: Class initialized using 'CodeIgniter\Session\Handlers\FileHandler' driver.
CRITICAL - 2023-01-31 14:01:41 --> You must set the database table to be used with your query.
in SYSTEMPATH\Database\BaseConnection.php on line 882.
 1 SYSTEMPATH\Model.php(641): CodeIgniter\Database\BaseConnection->table(null)
 2 SYSTEMPATH\Model.php(831): CodeIgniter\Model->builder()
 3 APPPATH\Controllers\Admin\DataPengguna.php(74): CodeIgniter\Model->__call('getPekerjaById', [...])
 4 SYSTEMPATH\CodeIgniter.php(934): App\Controllers\Admin\DataPengguna->ubah('8')
 5 SYSTEMPATH\CodeIgniter.php(499): CodeIgniter\CodeIgniter->runController(Object(App\Controllers\Admin\DataPengguna))
 6 SYSTEMPATH\CodeIgniter.php(368): CodeIgniter\CodeIgniter->handleRequest(null, Object(Config\Cache), false)
 7 FCPATH\index.php(67): CodeIgniter\CodeIgniter->run()
 8 SYSTEMPATH\Commands\Server\rewrite.php(47): require_once('FCPATH\\index.php')
INFO - 2023-01-31 14:03:29 --> Session: Class initialized using 'CodeIgniter\Session\Handlers\FileHandler' driver.
INFO - 2023-01-31 14:03:32 --> Session: Class initialized using 'CodeIgniter\Session\Handlers\FileHandler' driver.
CRITICAL - 2023-01-31 14:03:34 --> You must set the database table to be used with your query.
in SYSTEMPATH\Database\BaseConnection.php on line 882.
 1 SYSTEMPATH\Model.php(641): CodeIgniter\Database\BaseConnection->table(null)
 2 SYSTEMPATH\Model.php(831): CodeIgniter\Model->builder()
 3 APPPATH\Controllers\Admin\DataPengguna.php(74): CodeIgniter\Model->__call('getPekerjaById', [...])
 4 SYSTEMPATH\CodeIgniter.php(934): App\Controllers\Admin\DataPengguna->ubah('2')
 5 SYSTEMPATH\CodeIgniter.php(499): CodeIgniter\CodeIgniter->runController(Object(App\Controllers\Admin\DataPengguna))
 6 SYSTEMPATH\CodeIgniter.php(368): CodeIgniter\CodeIgniter->handleRequest(null, Object(Config\Cache), false)
 7 FCPATH\index.php(67): CodeIgniter\CodeIgniter->run()
 8 SYSTEMPATH\Commands\Server\rewrite.php(47): require_once('FCPATH\\index.php')
INFO - 2023-01-31 14:03:37 --> Session: Class initialized using 'CodeIgniter\Session\Handlers\FileHandler' driver.
CRITICAL - 2023-01-31 14:04:15 --> You must set the database table to be used with your query.
in SYSTEMPATH\Database\BaseConnection.php on line 882.
 1 SYSTEMPATH\Model.php(641): CodeIgniter\Database\BaseConnection->table(null)
 2 SYSTEMPATH\Model.php(831): CodeIgniter\Model->builder()
 3 APPPATH\Controllers\Admin\DataPengguna.php(74): CodeIgniter\Model->__call('getPekerjaById', [...])
 4 SYSTEMPATH\CodeIgniter.php(934): App\Controllers\Admin\DataPengguna->ubah('2')
 5 SYSTEMPATH\CodeIgniter.php(499): CodeIgniter\CodeIgniter->runController(Object(App\Controllers\Admin\DataPengguna))
 6 SYSTEMPATH\CodeIgniter.php(368): CodeIgniter\CodeIgniter->handleRequest(null, Object(Config\Cache), false)
 7 FCPATH\index.php(67): CodeIgniter\CodeIgniter->run()
 8 SYSTEMPATH\Commands\Server\rewrite.php(47): require_once('FCPATH\\index.php')
INFO - 2023-01-31 14:04:19 --> Session: Class initialized using 'CodeIgniter\Session\Handlers\FileHandler' driver.
CRITICAL - 2023-01-31 14:04:22 --> You must set the database table to be used with your query.
in SYSTEMPATH\Database\BaseConnection.php on line 882.
 1 SYSTEMPATH\Model.php(641): CodeIgniter\Database\BaseConnection->table(null)
 2 SYSTEMPATH\Model.php(831): CodeIgniter\Model->builder()
 3 APPPATH\Controllers\Admin\DataPengguna.php(74): CodeIgniter\Model->__call('getPekerjaById', [...])
 4 SYSTEMPATH\CodeIgniter.php(934): App\Controllers\Admin\DataPengguna->ubah('8')
 5 SYSTEMPATH\CodeIgniter.php(499): CodeIgniter\CodeIgniter->runController(Object(App\Controllers\Admin\DataPengguna))
 6 SYSTEMPATH\CodeIgniter.php(368): CodeIgniter\CodeIgniter->handleRequest(null, Object(Config\Cache), false)
 7 FCPATH\index.php(67): CodeIgniter\CodeIgniter->run()
 8 SYSTEMPATH\Commands\Server\rewrite.php(47): require_once('FCPATH\\index.php')
INFO - 2023-01-31 14:05:21 --> Session: Class initialized using 'CodeIgniter\Session\Handlers\FileHandler' driver.
INFO - 2023-01-31 14:06:29 --> Session: Class initialized using 'CodeIgniter\Session\Handlers\FileHandler' driver.
INFO - 2023-01-31 14:06:31 --> Session: Class initialized using 'CodeIgniter\Session\Handlers\FileHandler' driver.
CRITICAL - 2023-01-31 14:06:34 --> You must set the database table to be used with your query.
in SYSTEMPATH\Database\BaseConnection.php on line 882.
 1 SYSTEMPATH\Model.php(641): CodeIgniter\Database\BaseConnection->table(null)
 2 SYSTEMPATH\Model.php(831): CodeIgniter\Model->builder()
 3 APPPATH\Controllers\Admin\DataPengguna.php(74): CodeIgniter\Model->__call('getPekerjaById', [...])
 4 SYSTEMPATH\CodeIgniter.php(934): App\Controllers\Admin\DataPengguna->ubah('2')
 5 SYSTEMPATH\CodeIgniter.php(499): CodeIgniter\CodeIgniter->runController(Object(App\Controllers\Admin\DataPengguna))
 6 SYSTEMPATH\CodeIgniter.php(368): CodeIgniter\CodeIgniter->handleRequest(null, Object(Config\Cache), false)
 7 FCPATH\index.php(67): CodeIgniter\CodeIgniter->run()
 8 SYSTEMPATH\Commands\Server\rewrite.php(47): require_once('FCPATH\\index.php')
INFO - 2023-01-31 14:06:37 --> Session: Class initialized using 'CodeIgniter\Session\Handlers\FileHandler' driver.
INFO - 2023-01-31 14:06:38 --> Session: Class initialized using 'CodeIgniter\Session\Handlers\FileHandler' driver.
INFO - 2023-01-31 14:06:41 --> Session: Class initialized using 'CodeIgniter\Session\Handlers\FileHandler' driver.
INFO - 2023-01-31 14:06:43 --> Session: Class initialized using 'CodeIgniter\Session\Handlers\FileHandler' driver.
CRITICAL - 2023-01-31 14:06:51 --> You must set the database table to be used with your query.
in SYSTEMPATH\Database\BaseConnection.php on line 882.
 1 SYSTEMPATH\Model.php(641): CodeIgniter\Database\BaseConnection->table(null)
 2 SYSTEMPATH\Model.php(831): CodeIgniter\Model->builder()
 3 APPPATH\Controllers\Admin\DataPengguna.php(74): CodeIgniter\Model->__call('getPekerjaById', [...])
 4 SYSTEMPATH\CodeIgniter.php(934): App\Controllers\Admin\DataPengguna->ubah('2')
 5 SYSTEMPATH\CodeIgniter.php(499): CodeIgniter\CodeIgniter->runController(Object(App\Controllers\Admin\DataPengguna))
 6 SYSTEMPATH\CodeIgniter.php(368): CodeIgniter\CodeIgniter->handleRequest(null, Object(Config\Cache), false)
 7 FCPATH\index.php(67): CodeIgniter\CodeIgniter->run()
 8 SYSTEMPATH\Commands\Server\rewrite.php(47): require_once('FCPATH\\index.php')
INFO - 2023-01-31 14:08:25 --> Session: Class initialized using 'CodeIgniter\Session\Handlers\FileHandler' driver.
INFO - 2023-01-31 14:09:18 --> Session: Class initialized using 'CodeIgniter\Session\Handlers\FileHandler' driver.
INFO - 2023-01-31 14:09:20 --> Session: Class initialized using 'CodeIgniter\Session\Handlers\FileHandler' driver.
CRITICAL - 2023-01-31 14:09:22 --> You must set the database table to be used with your query.
in SYSTEMPATH\Database\BaseConnection.php on line 882.
 1 SYSTEMPATH\Model.php(641): CodeIgniter\Database\BaseConnection->table(null)
 2 SYSTEMPATH\Model.php(831): CodeIgniter\Model->builder()
 3 APPPATH\Controllers\Admin\DataPengguna.php(74): CodeIgniter\Model->__call('getPekerjaById', [...])
 4 SYSTEMPATH\CodeIgniter.php(934): App\Controllers\Admin\DataPengguna->ubah('2')
 5 SYSTEMPATH\CodeIgniter.php(499): CodeIgniter\CodeIgniter->runController(Object(App\Controllers\Admin\DataPengguna))
 6 SYSTEMPATH\CodeIgniter.php(368): CodeIgniter\CodeIgniter->handleRequest(null, Object(Config\Cache), false)
 7 FCPATH\index.php(67): CodeIgniter\CodeIgniter->run()
 8 SYSTEMPATH\Commands\Server\rewrite.php(47): require_once('FCPATH\\index.php')
INFO - 2023-01-31 14:12:05 --> Session: Class initialized using 'CodeIgniter\Session\Handlers\FileHandler' driver.
INFO - 2023-01-31 14:12:08 --> Session: Class initialized using 'CodeIgniter\Session\Handlers\FileHandler' driver.
INFO - 2023-01-31 14:12:23 --> Session: Class initialized using 'CodeIgniter\Session\Handlers\FileHandler' driver.
INFO - 2023-01-31 14:12:25 --> Session: Class initialized using 'CodeIgniter\Session\Handlers\FileHandler' driver.
INFO - 2023-01-31 14:12:29 --> Session: Class initialized using 'CodeIgniter\Session\Handlers\FileHandler' driver.
INFO - 2023-01-31 14:12:31 --> Session: Class initialized using 'CodeIgniter\Session\Handlers\FileHandler' driver.
INFO - 2023-01-31 14:12:33 --> Session: Class initialized using 'CodeIgniter\Session\Handlers\FileHandler' driver.
INFO - 2023-01-31 14:29:09 --> Session: Class initialized using 'CodeIgniter\Session\Handlers\FileHandler' driver.
INFO - 2023-01-31 14:29:11 --> Session: Class initialized using 'CodeIgniter\Session\Handlers\FileHandler' driver.
INFO - 2023-01-31 14:29:18 --> Session: Class initialized using 'CodeIgniter\Session\Handlers\FileHandler' driver.
INFO - 2023-01-31 14:29:21 --> Session: Class initialized using 'CodeIgniter\Session\Handlers\FileHandler' driver.
CRITICAL - 2023-01-31 14:29:24 --> Undefined variable $password
in APPPATH\Controllers\Admin\DataPengguna.php on line 97.
 1 APPPATH\Controllers\Admin\DataPengguna.php(97): CodeIgniter\Debug\Exceptions->errorHandler(2, 'Undefined variable $password', 'APPPATH\\Controllers\\Admin\\DataPengguna.php', 97)
 2 SYSTEMPATH\CodeIgniter.php(934): App\Controllers\Admin\DataPengguna->edit()
 3 SYSTEMPATH\CodeIgniter.php(499): CodeIgniter\CodeIgniter->runController(Object(App\Controllers\Admin\DataPengguna))
 4 SYSTEMPATH\CodeIgniter.php(368): CodeIgniter\CodeIgniter->handleRequest(null, Object(Config\Cache), false)
 5 FCPATH\index.php(67): CodeIgniter\CodeIgniter->run()
 6 SYSTEMPATH\Commands\Server\rewrite.php(47): require_once('FCPATH\\index.php')
INFO - 2023-01-31 14:29:43 --> Session: Class initialized using 'CodeIgniter\Session\Handlers\FileHandler' driver.
INFO - 2023-01-31 14:29:47 --> Session: Class initialized using 'CodeIgniter\Session\Handlers\FileHandler' driver.
INFO - 2023-01-31 14:29:54 --> Session: Class initialized using 'CodeIgniter\Session\Handlers\FileHandler' driver.
INFO - 2023-01-31 14:29:54 --> Session: Class initialized using 'CodeIgniter\Session\Handlers\FileHandler' driver.
INFO - 2023-01-31 14:29:58 --> Session: Class initialized using 'CodeIgniter\Session\Handlers\FileHandler' driver.
INFO - 2023-01-31 14:29:59 --> Session: Class initialized using 'CodeIgniter\Session\Handlers\FileHandler' driver.
INFO - 2023-01-31 14:30:05 --> Session: Class initialized using 'CodeIgniter\Session\Handlers\FileHandler' driver.
INFO - 2023-01-31 14:30:07 --> Session: Class initialized using 'CodeIgniter\Session\Handlers\FileHandler' driver.
INFO - 2023-01-31 14:30:15 --> Session: Class initialized using 'CodeIgniter\Session\Handlers\FileHandler' driver.
INFO - 2023-01-31 14:30:18 --> Session: Class initialized using 'CodeIgniter\Session\Handlers\FileHandler' driver.
INFO - 2023-01-31 14:30:18 --> Session: Class initialized using 'CodeIgniter\Session\Handlers\FileHandler' driver.
INFO - 2023-01-31 14:30:23 --> Session: Class initialized using 'CodeIgniter\Session\Handlers\FileHandler' driver.
INFO - 2023-01-31 14:30:23 --> Session: Class initialized using 'CodeIgniter\Session\Handlers\FileHandler' driver.
INFO - 2023-01-31 14:30:31 --> Session: Class initialized using 'CodeIgniter\Session\Handlers\FileHandler' driver.
INFO - 2023-01-31 14:30:34 --> Session: Class initialized using 'CodeIgniter\Session\Handlers\FileHandler' driver.
